GeoHelper/app/build/outputs/logs/manifest-merger-debug-report.txt
-- Merging decision tree log ---
manifest
ADDED from src\main\AndroidManifest.xml:2:1-297:12
	package
		ADDED from src\main\AndroidManifest.xml:3:5-48
		INJECTED from src\main\AndroidManifest.xml
		INJECTED from src\main\AndroidManifest.xml
	android:versionName
		INJECTED from src\main\AndroidManifest.xml
		INJECTED from src\main\AndroidManifest.xml
	xmlns:android
		ADDED from src\main\AndroidManifest.xml:2:11-69
	android:versionCode
		INJECTED from src\main\AndroidManifest.xml
		INJECTED from src\main\AndroidManifest.xml
uses-permission#android.permission.WRITE_EXTERNAL_STORAGE
ADDED from src\main\AndroidManifest.xml:5:5-81
	android:name
		ADDED from src\main\AndroidManifest.xml:5:22-78
uses-permission#android.permission.READ_EXTERNAL_STORAGE
ADDED from src\main\AndroidManifest.xml:6:5-79
	android:name
		ADDED from src\main\AndroidManifest.xml:6:22-77
application
ADDED from src\main\AndroidManifest.xml:7:5-295:19
MERGED from [com.google.android.gms:play-services-appindexing:9.4.0] AndroidManifest.xml:19:5-20
MERGED from [com.google.android.gms:play-services-base:9.4.0] AndroidManifest.xml:19:5-23:19
MERGED from [com.google.firebase:firebase-common:9.4.0] AndroidManifest.xml:5:5-12:19
MERGED from [com.google.android.gms:play-services-tasks:9.4.0] AndroidManifest.xml:5:5-20
MERGED from [com.google.android.gms:play-services-basement:9.4.0] AndroidManifest.xml:20:5-24:19
MERGED from [com.android.support:design:24.2.1] AndroidManifest.xml:22:5-20
MERGED from [com.android.support:appcompat-v7:24.2.1] AndroidManifest.xml:25:5-20
MERGED from [com.android.support:animated-vector-drawable:24.2.1] AndroidManifest.xml:22:5-20
MERGED from [com.android.support:support-vector-drawable:24.2.1] AndroidManifest.xml:23:5-20
MERGED from [com.android.support:cardview-v7:24.2.1] AndroidManifest.xml:22:5-20
MERGED from [com.android.support:palette-v7:24.1.1] AndroidManifest.xml:22:5-23:19
MERGED from [com.android.support:support-v4:24.2.1] AndroidManifest.xml:25:5-20
MERGED from [com.android.support:support-fragment:24.2.1] AndroidManifest.xml:25:5-20
MERGED from [com.android.support:support-media-compat:24.2.1] AndroidManifest.xml:25:5-20
MERGED from [com.android.support:support-core-ui:24.2.1] AndroidManifest.xml:25:5-20
MERGED from [com.android.support:support-core-utils:24.2.1] AndroidManifest.xml:25:5-20
MERGED from [com.android.support:support-compat:24.2.1] AndroidManifest.xml:25:5-20
	android:label
		ADDED from src\main\AndroidManifest.xml:10:9-41
	android:supportsRtl
		ADDED from src\main\AndroidManifest.xml:11:9-35
	android:allowBackup
		ADDED from src\main\AndroidManifest.xml:8:9-35
	android:icon
		ADDED from src\main\AndroidManifest.xml:9:9-43
	android:theme
		ADDED from src\main\AndroidManifest.xml:12:9-47
activity#creativecrew.geology_creativecrew.HomeActivity
ADDED from src\main\AndroidManifest.xml:13:9-18:20
	android:name
		ADDED from src\main\AndroidManifest.xml:13:19-47
intent-filter#android.intent.action.MAIN+android.intent.category.LAUNCHER
ADDED from src\main\AndroidManifest.xml:14:13-17:29
action#android.intent.action.MAIN
ADDED from src\main\AndroidManifest.xml:15:17-69
	android:name
		ADDED from src\main\AndroidManifest.xml:15:25-66
category#android.intent.category.LAUNCHER
ADDED from src\main\AndroidManifest.xml:16:17-77
	android:name
		ADDED from src\main\AndroidManifest.xml:16:27-74
activity#creativecrew.geology_creativecrew.Categories
ADDED from src\main\AndroidManifest.xml:19:9-26:20
	android:parentActivityName
		ADDED from src\main\AndroidManifest.xml:20:13-55
	android:name
		ADDED from src\main\AndroidManifest.xml:19:19-45
meta-data#android.support.PARENT_ACTIVITY
ADDED from src\main\AndroidManifest.xml:23:9-25:45
	android:value
		ADDED from src\main\AndroidManifest.xml:25:13-42
	android:name
		ADDED from src\main\AndroidManifest.xml:24:13-59
activity#creativecrew.geology_creativecrew.StrikeDip
ADDED from src\main\AndroidManifest.xml:27:9-46
	android:name
		ADDED from src\main\AndroidManifest.xml:27:19-44
activity#creativecrew.geology_creativecrew.Threepoint
ADDED from src\main\AndroidManifest.xml:28:9-35:20
	android:parentActivityName
		ADDED from src\main\AndroidManifest.xml:29:13-53
	android:name
		ADDED from src\main\AndroidManifest.xml:28:19-45
activity#creativecrew.geology_creativecrew.ThreepointOutput
ADDED from src\main\AndroidManifest.xml:37:9-44:20
	android:parentActivityName
		ADDED from src\main\AndroidManifest.xml:38:13-53
	android:name
		ADDED from src\main\AndroidManifest.xml:37:19-51
activity#creativecrew.geology_creativecrew.TypeofProblemSimplePlanView
ADDED from src\main\AndroidManifest.xml:46:9-53:20
	android:parentActivityName
		ADDED from src\main\AndroidManifest.xml:47:13-53
	android:name
		ADDED from src\main\AndroidManifest.xml:46:19-62
activity#creativecrew.geology_creativecrew.SimplePlanViewOutput
ADDED from src\main\AndroidManifest.xml:55:9-57
	android:name
		ADDED from src\main\AndroidManifest.xml:55:19-55
activity#creativecrew.geology_creativecrew.SimplePlanView
ADDED from src\main\AndroidManifest.xml:56:9-63:20
	android:parentActivityName
		ADDED from src\main\AndroidManifest.xml:57:13-70
	android:name
		ADDED from src\main\AndroidManifest.xml:56:19-49
activity#creativecrew.geology_creativecrew.AzimuthOutput
ADDED from src\main\AndroidManifest.xml:65:9-71:20
	android:parentActivityName
		ADDED from src\main\AndroidManifest.xml:66:13-57
	android:name
		ADDED from src\main\AndroidManifest.xml:65:19-48
activity#creativecrew.geology_creativecrew.DDQuadrantOutput
ADDED from src\main\AndroidManifest.xml:73:9-79:20
	android:parentActivityName
		ADDED from src\main\AndroidManifest.xml:74:13-57
	android:name
		ADDED from src\main\AndroidManifest.xml:73:19-51
activity#creativecrew.geology_creativecrew.DDAzimuthOutput
ADDED from src\main\AndroidManifest.xml:81:9-87:20
	android:parentActivityName
		ADDED from src\main\AndroidManifest.xml:82:13-57
	android:name
		ADDED from src\main\AndroidManifest.xml:81:19-50
activity#creativecrew.geology_creativecrew.Trigonometry_RiverOutput
ADDED from src\main\AndroidManifest.xml:91:9-97:20
	android:parentActivityName
		ADDED from src\main\AndroidManifest.xml:92:13-62
	android:name
		ADDED from src\main\AndroidManifest.xml:91:19-59
activity#creativecrew.geology_creativecrew.Trigonometric_River
ADDED from src\main\AndroidManifest.xml:99:9-105:20
	android:parentActivityName
		ADDED from src\main\AndroidManifest.xml:100:13-66
	android:name
		ADDED from src\main\AndroidManifest.xml:99:19-54
activity#creativecrew.geology_creativecrew.TrigonometricRiverFromSavedProblem
ADDED from src\main\AndroidManifest.xml:107:9-113:20
	android:parentActivityName
		ADDED from src\main\AndroidManifest.xml:108:13-66
	android:name
		ADDED from src\main\AndroidManifest.xml:107:19-69
activity#creativecrew.geology_creativecrew.QuadrantOutput
ADDED from src\main\AndroidManifest.xml:115:9-121:20
	android:parentActivityName
		ADDED from src\main\AndroidManifest.xml:116:13-57
	android:name
		ADDED from src\main\AndroidManifest.xml:115:19-49
activity#creativecrew.geology_creativecrew.ThreepointFromSavedProblem
ADDED from src\main\AndroidManifest.xml:123:9-129:20
	android:parentActivityName
		ADDED from src\main\AndroidManifest.xml:124:13-53
	android:name
		ADDED from src\main\AndroidManifest.xml:123:19-61
activity#creativecrew.geology_creativecrew.ComplexActivity
ADDED from src\main\AndroidManifest.xml:130:9-136:20
	android:parentActivityName
		ADDED from src\main\AndroidManifest.xml:131:13-66
	android:name
		ADDED from src\main\AndroidManifest.xml:130:19-50
activity#creativecrew.geology_creativecrew.ComplexActivityFromSavedProblem
ADDED from src\main\AndroidManifest.xml:138:9-144:20
	android:parentActivityName
		ADDED from src\main\AndroidManifest.xml:139:13-66
	android:name
		ADDED from src\main\AndroidManifest.xml:138:19-66
activity#creativecrew.geology_creativecrew.ComplexOutputActivity
ADDED from src\main\AndroidManifest.xml:146:9-152:20
	android:parentActivityName
		ADDED from src\main\AndroidManifest.xml:147:13-58
	android:name
		ADDED from src\main\AndroidManifest.xml:146:19-56
activity#creativecrew.geology_creativecrew.RightAngledTriangleInAnotherTriangle
ADDED from src\main\AndroidManifest.xml:153:9-159:20
	android:parentActivityName
		ADDED from src\main\AndroidManifest.xml:154:13-66
	android:name
		ADDED from src\main\AndroidManifest.xml:153:19-71
activity#creativecrew.geology_creativecrew.RightAngledTriangleInAnotherTriangleOutput
ADDED from src\main\AndroidManifest.xml:160:9-166:20
	android:parentActivityName
		ADDED from src\main\AndroidManifest.xml:161:13-79
	android:name
		ADDED from src\main\AndroidManifest.xml:160:19-77
activity#creativecrew.geology_creativecrew.RightAngleTriangleFromSavedProblem
ADDED from src\main\AndroidManifest.xml:168:9-174:20
	android:parentActivityName
		ADDED from src\main\AndroidManifest.xml:169:13-79
	android:name
		ADDED from src\main\AndroidManifest.xml:168:19-69
activity#creativecrew.geology_creativecrew.TowerProblem
ADDED from src\main\AndroidManifest.xml:176:9-182:20
	android:parentActivityName
		ADDED from src\main\AndroidManifest.xml:177:13-66
	android:name
		ADDED from src\main\AndroidManifest.xml:176:19-47
activity#creativecrew.geology_creativecrew.TowerProblemOutput
ADDED from src\main\AndroidManifest.xml:183:9-189:20
	android:parentActivityName
		ADDED from src\main\AndroidManifest.xml:184:13-55
	android:name
		ADDED from src\main\AndroidManifest.xml:183:19-53
activity#creativecrew.geology_creativecrew.TrigonometricCategories
ADDED from src\main\AndroidManifest.xml:190:9-196:20
	android:parentActivityName
		ADDED from src\main\AndroidManifest.xml:191:13-53
	android:name
		ADDED from src\main\AndroidManifest.xml:190:19-58
activity#creativecrew.geology_creativecrew.SidesOnly
ADDED from src\main\AndroidManifest.xml:197:9-203:20
	android:parentActivityName
		ADDED from src\main\AndroidManifest.xml:198:13-66
	android:name
		ADDED from src\main\AndroidManifest.xml:197:19-44
activity#creativecrew.geology_creativecrew.SidesOnlyOutput
ADDED from src\main\AndroidManifest.xml:204:9-210:20
	android:parentActivityName
		ADDED from src\main\AndroidManifest.xml:205:13-52
	android:name
		ADDED from src\main\AndroidManifest.xml:204:19-50
activity#creativecrew.geology_creativecrew.Pythagorean
ADDED from src\main\AndroidManifest.xml:211:9-217:20
	android:parentActivityName
		ADDED from src\main\AndroidManifest.xml:212:13-66
	android:name
		ADDED from src\main\AndroidManifest.xml:211:19-46
activity#creativecrew.geology_creativecrew.PythagoreanOutput
ADDED from src\main\AndroidManifest.xml:218:9-224:20
	android:parentActivityName
		ADDED from src\main\AndroidManifest.xml:219:13-54
	android:name
		ADDED from src\main\AndroidManifest.xml:218:19-52
activity#creativecrew.geology_creativecrew.FlagpoleProblem
ADDED from src\main\AndroidManifest.xml:225:9-231:20
	android:parentActivityName
		ADDED from src\main\AndroidManifest.xml:226:13-66
	android:name
		ADDED from src\main\AndroidManifest.xml:225:19-50
activity#creativecrew.geology_creativecrew.FlagPoleFromSavedProblem
ADDED from src\main\AndroidManifest.xml:233:9-239:20
	android:parentActivityName
		ADDED from src\main\AndroidManifest.xml:234:13-66
	android:name
		ADDED from src\main\AndroidManifest.xml:233:19-59
activity#creativecrew.geology_creativecrew.FlagpoleProblemOutput
ADDED from src\main\AndroidManifest.xml:241:9-247:20
	android:parentActivityName
		ADDED from src\main\AndroidManifest.xml:242:13-58
	android:name
		ADDED from src\main\AndroidManifest.xml:241:19-56
activity#creativecrew.geology_creativecrew.TestSimpletrigOutput
ADDED from src\main\AndroidManifest.xml:249:9-255:20
	android:parentActivityName
		ADDED from src\main\AndroidManifest.xml:250:13-62
	android:name
		ADDED from src\main\AndroidManifest.xml:249:19-55
activity#creativecrew.geology_creativecrew.TestComplex
ADDED from src\main\AndroidManifest.xml:257:9-263:20
	android:parentActivityName
		ADDED from src\main\AndroidManifest.xml:258:13-58
	android:name
		ADDED from src\main\AndroidManifest.xml:257:19-46
activity#creativecrew.geology_creativecrew.TestRightInRight
ADDED from src\main\AndroidManifest.xml:265:9-271:20
	android:parentActivityName
		ADDED from src\main\AndroidManifest.xml:266:13-58
	android:name
		ADDED from src\main\AndroidManifest.xml:265:19-51
activity#creativecrew.geology_creativecrew.TestAcute
ADDED from src\main\AndroidManifest.xml:273:9-279:20
	android:parentActivityName
		ADDED from src\main\AndroidManifest.xml:274:13-58
	android:name
		ADDED from src\main\AndroidManifest.xml:273:19-44
activity#creativecrew.geology_creativecrew.GeologistPaces
ADDED from src\main\AndroidManifest.xml:281:9-286:20
	android:parentActivityName
		ADDED from src\main\AndroidManifest.xml:282:13-53
	android:name
		ADDED from src\main\AndroidManifest.xml:281:19-49
activity#creativecrew.geology_creativecrew.PacesInput
ADDED from src\main\AndroidManifest.xml:288:9-293:20
	android:parentActivityName
		ADDED from src\main\AndroidManifest.xml:289:13-57
	android:name
		ADDED from src\main\AndroidManifest.xml:288:19-45
uses-sdk
INJECTED from src\main\AndroidManifest.xml reason: use-sdk injection requested
MERGED from [com.google.android.gms:play-services-appindexing:9.4.0] AndroidManifest.xml:18:5-42
MERGED from [com.google.android.gms:play-services-base:9.4.0] AndroidManifest.xml:18:5-42
MERGED from [com.google.firebase:firebase-common:9.4.0] AndroidManifest.xml:4:5-43
MERGED from [com.google.android.gms:play-services-tasks:9.4.0] AndroidManifest.xml:4:5-43
MERGED from [com.google.android.gms:play-services-basement:9.4.0] AndroidManifest.xml:18:5-42
MERGED from [com.android.support:design:24.2.1] AndroidManifest.xml:20:5-43
MERGED from [com.android.support:appcompat-v7:24.2.1] AndroidManifest.xml:21:5-23:78
MERGED from [com.android.support:animated-vector-drawable:24.2.1] AndroidManifest.xml:20:5-44
MERGED from [com.android.support:support-vector-drawable:24.2.1] AndroidManifest.xml:21:5-43
MERGED from [com.android.support:recyclerview-v7:24.2.1] AndroidManifest.xml:20:5-43
MERGED from [com.android.support:cardview-v7:24.2.1] AndroidManifest.xml:20:5-43
MERGED from [com.android.support:palette-v7:24.1.1] AndroidManifest.xml:20:5-43
MERGED from [com.android.support:support-v4:24.2.1] AndroidManifest.xml:21:5-23:54
MERGED from [com.android.support:support-fragment:24.2.1] AndroidManifest.xml:21:5-23:60
MERGED from [com.android.support:support-media-compat:24.2.1] AndroidManifest.xml:21:5-23:63
MERGED from [com.android.support:support-core-ui:24.2.1] AndroidManifest.xml:21:5-23:58
MERGED from [com.android.support:support-core-utils:24.2.1] AndroidManifest.xml:21:5-23:61
MERGED from [com.android.support:support-compat:24.2.1] AndroidManifest.xml:21:5-23:58
	tools:overrideLibrary
		ADDED from [com.android.support:appcompat-v7:24.2.1] AndroidManifest.xml:23:9-75
	android:targetSdkVersion
		INJECTED from src\main\AndroidManifest.xml
		INJECTED from src\main\AndroidManifest.xml
	android:minSdkVersion
		INJECTED from src\main\AndroidManifest.xml
		INJECTED from src\main\AndroidManifest.xml
activity#com.google.android.gms.common.api.GoogleApiActivity
ADDED from [com.google.android.gms:play-services-base:9.4.0] AndroidManifest.xml:20:9-22:45
	android:exported
		ADDED from [com.google.android.gms:play-services-base:9.4.0] AndroidManifest.xml:22:19-43
	android:theme
		ADDED from [com.google.android.gms:play-services-base:9.4.0] AndroidManifest.xml:21:19-78
	android:name
		ADDED from [com.google.android.gms:play-services-base:9.4.0] AndroidManifest.xml:20:19-85
provider#com.google.firebase.provider.FirebaseInitProvider
ADDED from [com.google.firebase:firebase-common:9.4.0] AndroidManifest.xml:7:9-11:39
	android:authorities
		ADDED from [com.google.firebase:firebase-common:9.4.0] AndroidManifest.xml:8:13-72
	android:exported
		ADDED from [com.google.firebase:firebase-common:9.4.0] AndroidManifest.xml:10:13-37
	android:initOrder
		ADDED from [com.google.firebase:firebase-common:9.4.0] AndroidManifest.xml:11:13-36
	android:name
		ADDED from [com.google.firebase:firebase-common:9.4.0] AndroidManifest.xml:9:13-58
meta-data#com.google.android.gms.version
ADDED from [com.google.android.gms:play-services-basement:9.4.0] AndroidManifest.xml:21:9-23:69
	android:value
		ADDED from [com.google.android.gms:play-services-basement:9.4.0] AndroidManifest.xml:23:13-66
	android:name
		ADDED from [com.google.android.gms:play-services-basement:9.4.0] AndroidManifest.xml:22:13-58